<?xml version="1.0" encoding="UTF-8"?>
<!-- Generated by org.testng.reporters.JUnitXMLReporter -->
<testsuite hostname="MLIW5SL0SN2" name="Default test" tests="3" failures="0" timestamp="2 May 2019 03:23:24 GMT" time="10.606" errors="0">
  <testcase name="testgetByID" time="8.065" classname="com.epam.pages.ApiTest"/>
  <testcase name="testgetByID" time="1.262" classname="com.epam.pages.ApiTest"/>
  <testcase name="testgetByID" time="1.23" classname="com.epam.pages.ApiTest"/>
</testsuite> <!-- Default test -->
