<?xml version="1.0" encoding="UTF-8"?>
<testng-results skipped="0" failed="0" total="3" passed="3">
  <reporter-output>
  </reporter-output>
  <suite name="Default suite" duration-ms="10606" started-at="2019-05-02T03:23:14Z" finished-at="2019-05-02T03:23:24Z">
    <groups>
    </groups>
    <test name="Default test" duration-ms="10606" started-at="2019-05-02T03:23:14Z" finished-at="2019-05-02T03:23:24Z">
      <class name="com.epam.pages.ApiTest">
        <test-method status="PASS" signature="testgetByID(java.lang.String, java.lang.String)[pri:0, instance:com.epam.pages.ApiTest@4501b7af]" name="testgetByID" duration-ms="8065" started-at="2019-05-01T23:23:14Z" data-provider="planetID" finished-at="2019-05-01T23:23:22Z">
          <params>
            <param index="0">
              <value>
                <![CDATA[1]]>
              </value>
            </param>
            <param index="1">
              <value>
                <![CDATA[Tatooine]]>
              </value>
            </param>
          </params>
          <reporter-output>
          </reporter-output>
        </test-method> <!-- testgetByID -->
        <test-method status="PASS" signature="testgetByID(java.lang.String, java.lang.String)[pri:0, instance:com.epam.pages.ApiTest@4501b7af]" name="testgetByID" duration-ms="1262" started-at="2019-05-01T23:23:22Z" data-provider="planetID" finished-at="2019-05-01T23:23:23Z">
          <params>
            <param index="0">
              <value>
                <![CDATA[2]]>
              </value>
            </param>
            <param index="1">
              <value>
                <![CDATA[Alderaan]]>
              </value>
            </param>
          </params>
          <reporter-output>
          </reporter-output>
        </test-method> <!-- testgetByID -->
        <test-method status="PASS" signature="testgetByID(java.lang.String, java.lang.String)[pri:0, instance:com.epam.pages.ApiTest@4501b7af]" name="testgetByID" duration-ms="1230" started-at="2019-05-01T23:23:23Z" data-provider="planetID" finished-at="2019-05-01T23:23:24Z">
          <params>
            <param index="0">
              <value>
                <![CDATA[3]]>
              </value>
            </param>
            <param index="1">
              <value>
                <![CDATA[Yavin IV]]>
              </value>
            </param>
          </params>
          <reporter-output>
          </reporter-output>
        </test-method> <!-- testgetByID -->
      </class> <!-- com.epam.pages.ApiTest -->
    </test> <!-- Default test -->
  </suite> <!-- Default suite -->
</testng-results>
